0 info it worked if it ends with ok
1 verbose cli [ 'C:\\Program Files\\nodejs\\node.exe',
1 verbose cli   'C:\\Program Files\\nodejs\\node_modules\\npm\\bin\\npm-cli.js',
1 verbose cli   'run',
1 verbose cli   'serve' ]
2 info using npm@3.10.10
3 info using node@v6.11.5
4 verbose run-script [ 'preserve', 'serve', 'postserve' ]
5 info lifecycle angular-quickstart@1.0.0~preserve: angular-quickstart@1.0.0
6 silly lifecycle angular-quickstart@1.0.0~preserve: no script for preserve, continuing
7 info lifecycle angular-quickstart@1.0.0~serve: angular-quickstart@1.0.0
8 verbose lifecycle angular-quickstart@1.0.0~serve: unsafe-perm in lifecycle true
9 verbose lifecycle angular-quickstart@1.0.0~serve: PATH: C:\Program Files\nodejs\node_modules\npm\bin\node-gyp-bin;e:\Work\Plactice\PlacticeAngular\quickstart\node_modules\.bin;C:\Program Files\nodejs\node_modules\npm\bin\node-gyp-bin;e:\Work\Plactice\PlacticeAngular\quickstart\node_modules\.bin;C:\oraclexe\app\oracle\product\11.2.0\server\bin;C:\ProgramData\Oracle\Java\javapath;C:\Program Files\Common Files\Microsoft Shared\Windows Live;C:\Program Files (x86)\Common Files\Microsoft Shared\Windows Live;C:\Program Files (x86)\Intel\iCLS Client\;C:\Program Files\Intel\iCLS Client\;C:\Windows\system32;C:\Windows;C:\Windows\System32\Wbem;C:\Windows\System32\WindowsPowerShell\v1.0\;C:\Program Files\Intel\Intel(R) Management Engine Components\DAL;C:\Program Files\Intel\Intel(R) Management Engine Components\IPT;C:\Program Files (x86)\Intel\Intel(R) Management Engine Components\DAL;C:\Program Files (x86)\Intel\Intel(R) Management Engine Components\IPT;C:\Program Files (x86)\Toshiba\Bluetooth Toshiba Stack\sys\;C:\Program Files (x86)\Toshiba\Bluetooth Toshiba Stack\sys\x64\;C:\Program Files (x86)\Windows Live\Shared;C:\Program Files (x86)\Intel\OpenCL SDK\2.0\bin\x86;C:\Program Files (x86)\Intel\OpenCL SDK\2.0\bin\x64;C:\Program Files\Intel\WiFi\bin\;C:\Program Files\Common Files\Intel\WirelessCommon\;c:\Program Files (x86)\Common Files\Roxio Shared\DLLShared\;c:\Program Files (x86)\Common Files\Roxio Shared\OEM\DLLShared\;c:\Program Files (x86)\Common Files\Roxio Shared\OEM\DLLShared\;c:\Program Files (x86)\Common Files\Roxio Shared\OEM\12.0\DLLShared\;c:\Program Files (x86)\Roxio 2010\OEM\AudioCore\;C:\Program Files (x86)\Microsoft SQL Server\90\Tools\binn\;C:\MySQL\MySQL Utilities 1.3.6\;C:\Program Files (x86)\Microsoft ASP.NET\ASP.NET Web Pages\v1.0\;C:\Program Files\Microsoft SQL Server\110\Tools\Binn\;C:\Program Files (x86)\Windows Kits\8.1\Windows Performance Toolkit\;C:\Program Files (x86)\Microsoft SDKs\TypeScript\1.0\;C:\Program Files (x86)\Symantec\VIP Access Client\;C:\Program Files\Microsoft\Web Platform Installer\;C:\Program Files\Microsoft SQL Server\120\Tools\Binn\;C:\Program Files\Microsoft SQL Server\130\Tools\Binn\;C:\Windows\system32\config\systemprofile\.dnx\bin;C:\Program Files\Microsoft DNX\Dnvm\;C:\Program Files\nodejs\;C:\Program Files\Git\cmd;C:\Program Files\Intel\WiFi\bin\;C:\Program Files\Common Files\Intel\WirelessCommon\;C:\Program Files\Intel\WiFi\bin\;C:\Program Files\Common Files\Intel\WirelessCommon\;C:\Program Files2\Java\jdk1.8.0_20\bin;C:\Program Files2\Apache2.2\bin;C:\ProgramFiles2\Android\android-sdk\platform-tools;C:\Users\nagahashi\AppData\Roaming\npm;C:\Program Files\Microsoft VS Code\bin
10 verbose lifecycle angular-quickstart@1.0.0~serve: CWD: e:\Work\Plactice\PlacticeAngular\quickstart
11 silly lifecycle angular-quickstart@1.0.0~serve: Args: [ '/d /s /c', 'lite-server -c=bs-config.json' ]
12 silly lifecycle angular-quickstart@1.0.0~serve: Returned: code: 3221225786  signal: null
13 info lifecycle angular-quickstart@1.0.0~serve: Failed to exec serve script
14 verbose stack Error: angular-quickstart@1.0.0 serve: `lite-server -c=bs-config.json`
14 verbose stack Exit status 3221225786
14 verbose stack     at EventEmitter.<anonymous> (C:\Program Files\nodejs\node_modules\npm\lib\utils\lifecycle.js:255:16)
14 verbose stack     at emitTwo (events.js:106:13)
14 verbose stack     at EventEmitter.emit (events.js:191:7)
14 verbose stack     at ChildProcess.<anonymous> (C:\Program Files\nodejs\node_modules\npm\lib\utils\spawn.js:40:14)
14 verbose stack     at emitTwo (events.js:106:13)
14 verbose stack     at ChildProcess.emit (events.js:191:7)
14 verbose stack     at maybeClose (internal/child_process.js:920:16)
14 verbose stack     at Process.ChildProcess._handle.onexit (internal/child_process.js:230:5)
15 verbose pkgid angular-quickstart@1.0.0
16 verbose cwd e:\Work\Plactice\PlacticeAngular\quickstart
17 error Windows_NT 6.1.7601
18 error argv "C:\\Program Files\\nodejs\\node.exe" "C:\\Program Files\\nodejs\\node_modules\\npm\\bin\\npm-cli.js" "run" "serve"
19 error node v6.11.5
20 error npm  v3.10.10
21 error code ELIFECYCLE
22 error angular-quickstart@1.0.0 serve: `lite-server -c=bs-config.json`
22 error Exit status 3221225786
23 error Failed at the angular-quickstart@1.0.0 serve script 'lite-server -c=bs-config.json'.
23 error Make sure you have the latest version of node.js and npm installed.
23 error If you do, this is most likely a problem with the angular-quickstart package,
23 error not with npm itself.
23 error Tell the author that this fails on your system:
23 error     lite-server -c=bs-config.json
23 error You can get information on how to open an issue for this project with:
23 error     npm bugs angular-quickstart
23 error Or if that isn't available, you can get their info via:
23 error     npm owner ls angular-quickstart
23 error There is likely additional logging output above.
24 verbose exit [ 1, true ]
